/*C113*/SET SCHEMA PUBLIC
INSERT INTO TRANSACTION VALUES('3df855c6-1ac0-4a0d-a276-b3a059a89681',808,'Eduardo','2020-03-16 08:48:14.876000',1234.00)
COMMIT
/*C119*/SET SCHEMA PUBLIC
DISCONNECT
/*C121*/SET SCHEMA PUBLIC
DISCONNECT
/*C116*/SET SCHEMA PUBLIC
DISCONNECT
/*C117*/SET SCHEMA PUBLIC
DISCONNECT
/*C115*/SET SCHEMA PUBLIC
DISCONNECT
/*C118*/SET SCHEMA PUBLIC
DISCONNECT
/*C113*/DISCONNECT
/*C114*/SET SCHEMA PUBLIC
DISCONNECT
/*C122*/SET SCHEMA PUBLIC
DISCONNECT
/*C120*/SET SCHEMA PUBLIC
DISCONNECT
